2025-12-13T18:22:46.775Z - CastError: Cast to ObjectId failed for value "undefined" (type string) at path "_id" for model "Shop"
    at SchemaObjectId.cast (C:\Users\ibra0\OneDrive\Desktop\Mudug Digital marketting\server\node_modules\mongoose\lib\schema\objectId.js:253:11)
    at SchemaType.applySetters (C:\Users\ibra0\OneDrive\Desktop\Mudug Digital marketting\server\node_modules\mongoose\lib\schemaType.js:1288:12)
    at SchemaType.castForQuery (C:\Users\ibra0\OneDrive\Desktop\Mudug Digital marketting\server\node_modules\mongoose\lib\schemaType.js:1724:17)
    at cast (C:\Users\ibra0\OneDrive\Desktop\Mudug Digital marketting\server\node_modules\mongoose\lib\cast.js:390:32)
    at Query.cast (C:\Users\ibra0\OneDrive\Desktop\Mudug Digital marketting\server\node_modules\mongoose\lib\query.js:5060:12)
    at Query._castConditions (C:\Users\ibra0\OneDrive\Desktop\Mudug Digital marketting\server\node_modules\mongoose\lib\query.js:2374:10)
    at model.Query._findOneAndUpdate (C:\Users\ibra0\OneDrive\Desktop\Mudug Digital marketting\server\node_modules\mongoose\lib\query.js:3477:8)
    at model.Query.exec (C:\Users\ibra0\OneDrive\Desktop\Mudug Digital marketting\server\node_modules\mongoose\lib\query.js:4627:80)
    at process.processTicksAndRejections (node:internal/process/task_queues:105:5)
    at async exports.updateShopStatus (C:\Users\ibra0\OneDrive\Desktop\Mudug Digital marketting\server\controllers\shopController.js:106:22)
2025-12-13T18:22:54.187Z - CastError: Cast to ObjectId failed for value "undefined" (type string) at path "_id" for model "Shop"
    at SchemaObjectId.cast (C:\Users\ibra0\OneDrive\Desktop\Mudug Digital marketting\server\node_modules\mongoose\lib\schema\objectId.js:253:11)
    at SchemaType.applySetters (C:\Users\ibra0\OneDrive\Desktop\Mudug Digital marketting\server\node_modules\mongoose\lib\schemaType.js:1288:12)
    at SchemaType.castForQuery (C:\Users\ibra0\OneDrive\Desktop\Mudug Digital marketting\server\node_modules\mongoose\lib\schemaType.js:1724:17)
    at cast (C:\Users\ibra0\OneDrive\Desktop\Mudug Digital marketting\server\node_modules\mongoose\lib\cast.js:390:32)
    at Query.cast (C:\Users\ibra0\OneDrive\Desktop\Mudug Digital marketting\server\node_modules\mongoose\lib\query.js:5060:12)
    at Query._castConditions (C:\Users\ibra0\OneDrive\Desktop\Mudug Digital marketting\server\node_modules\mongoose\lib\query.js:2374:10)
    at model.Query._findOneAndUpdate (C:\Users\ibra0\OneDrive\Desktop\Mudug Digital marketting\server\node_modules\mongoose\lib\query.js:3477:8)
    at model.Query.exec (C:\Users\ibra0\OneDrive\Desktop\Mudug Digital marketting\server\node_modules\mongoose\lib\query.js:4627:80)
    at process.processTicksAndRejections (node:internal/process/task_queues:105:5)
    at async exports.updateShopStatus (C:\Users\ibra0\OneDrive\Desktop\Mudug Digital marketting\server\controllers\shopController.js:106:22)
2025-12-13T18:23:17.174Z - CastError: Cast to ObjectId failed for value "undefined" (type string) at path "_id" for model "Shop"
    at SchemaObjectId.cast (C:\Users\ibra0\OneDrive\Desktop\Mudug Digital marketting\server\node_modules\mongoose\lib\schema\objectId.js:253:11)
    at SchemaType.applySetters (C:\Users\ibra0\OneDrive\Desktop\Mudug Digital marketting\server\node_modules\mongoose\lib\schemaType.js:1288:12)
    at SchemaType.castForQuery (C:\Users\ibra0\OneDrive\Desktop\Mudug Digital marketting\server\node_modules\mongoose\lib\schemaType.js:1724:17)
    at cast (C:\Users\ibra0\OneDrive\Desktop\Mudug Digital marketting\server\node_modules\mongoose\lib\cast.js:390:32)
    at Query.cast (C:\Users\ibra0\OneDrive\Desktop\Mudug Digital marketting\server\node_modules\mongoose\lib\query.js:5060:12)
    at Query._castConditions (C:\Users\ibra0\OneDrive\Desktop\Mudug Digital marketting\server\node_modules\mongoose\lib\query.js:2374:10)
    at model.Query._findOneAndUpdate (C:\Users\ibra0\OneDrive\Desktop\Mudug Digital marketting\server\node_modules\mongoose\lib\query.js:3477:8)
    at model.Query.exec (C:\Users\ibra0\OneDrive\Desktop\Mudug Digital marketting\server\node_modules\mongoose\lib\query.js:4627:80)
    at process.processTicksAndRejections (node:internal/process/task_queues:105:5)
    at async exports.updateShopStatus (C:\Users\ibra0\OneDrive\Desktop\Mudug Digital marketting\server\controllers\shopController.js:106:22)
2025-12-13T18:23:25.248Z - CastError: Cast to ObjectId failed for value "undefined" (type string) at path "_id" for model "Shop"
    at SchemaObjectId.cast (C:\Users\ibra0\OneDrive\Desktop\Mudug Digital marketting\server\node_modules\mongoose\lib\schema\objectId.js:253:11)
    at SchemaType.applySetters (C:\Users\ibra0\OneDrive\Desktop\Mudug Digital marketting\server\node_modules\mongoose\lib\schemaType.js:1288:12)
    at SchemaType.castForQuery (C:\Users\ibra0\OneDrive\Desktop\Mudug Digital marketting\server\node_modules\mongoose\lib\schemaType.js:1724:17)
    at cast (C:\Users\ibra0\OneDrive\Desktop\Mudug Digital marketting\server\node_modules\mongoose\lib\cast.js:390:32)
    at Query.cast (C:\Users\ibra0\OneDrive\Desktop\Mudug Digital marketting\server\node_modules\mongoose\lib\query.js:5060:12)
    at Query._castConditions (C:\Users\ibra0\OneDrive\Desktop\Mudug Digital marketting\server\node_modules\mongoose\lib\query.js:2374:10)
    at model.Query._findOneAndUpdate (C:\Users\ibra0\OneDrive\Desktop\Mudug Digital marketting\server\node_modules\mongoose\lib\query.js:3477:8)
    at model.Query.exec (C:\Users\ibra0\OneDrive\Desktop\Mudug Digital marketting\server\node_modules\mongoose\lib\query.js:4627:80)
    at process.processTicksAndRejections (node:internal/process/task_queues:105:5)
    at async exports.updateShopStatus (C:\Users\ibra0\OneDrive\Desktop\Mudug Digital marketting\server\controllers\shopController.js:106:22)
2025-12-13T18:23:29.286Z - CastError: Cast to ObjectId failed for value "undefined" (type string) at path "_id" for model "Shop"
    at SchemaObjectId.cast (C:\Users\ibra0\OneDrive\Desktop\Mudug Digital marketting\server\node_modules\mongoose\lib\schema\objectId.js:253:11)
    at SchemaType.applySetters (C:\Users\ibra0\OneDrive\Desktop\Mudug Digital marketting\server\node_modules\mongoose\lib\schemaType.js:1288:12)
    at SchemaType.castForQuery (C:\Users\ibra0\OneDrive\Desktop\Mudug Digital marketting\server\node_modules\mongoose\lib\schemaType.js:1724:17)
    at cast (C:\Users\ibra0\OneDrive\Desktop\Mudug Digital marketting\server\node_modules\mongoose\lib\cast.js:390:32)
    at Query.cast (C:\Users\ibra0\OneDrive\Desktop\Mudug Digital marketting\server\node_modules\mongoose\lib\query.js:5060:12)
    at Query._castConditions (C:\Users\ibra0\OneDrive\Desktop\Mudug Digital marketting\server\node_modules\mongoose\lib\query.js:2374:10)
    at model.Query._findOneAndUpdate (C:\Users\ibra0\OneDrive\Desktop\Mudug Digital marketting\server\node_modules\mongoose\lib\query.js:3477:8)
    at model.Query.exec (C:\Users\ibra0\OneDrive\Desktop\Mudug Digital marketting\server\node_modules\mongoose\lib\query.js:4627:80)
    at process.processTicksAndRejections (node:internal/process/task_queues:105:5)
    at async exports.updateShopStatus (C:\Users\ibra0\OneDrive\Desktop\Mudug Digital marketting\server\controllers\shopController.js:106:22)
